npm warn config ignoring workspace config at C:\Users\devdy\OneDrive\Desktop\express-start-microservices\auth/.npmrc

> auth@1.0.0 build
> tsc -b



#
# Fatal process out of memory: Zone
#
----- Native stack trace -----



#
# Fatal process out of memory: Zone
#
----- Native stack trace -----

 1: 00007FF6AB06A39D 
 2: 00007FF6AAF4BE8F 
 3: 00007FF6AC1453E6 
 4: 00007FF6ABB3FA21 
 5: 00007FF6AB60EBEB 
 6: 00007FF6AB72B301 
 7: 00007FF6AB61147E 
 8: 00007FF6AB610C2A 
 9: 00007FF6AC1AA368 
10: 00007FF6AC2D65EF 
11: 00007FF6AC2D7E82 
12: 00007FF6AC534195 
13: 00007FF6AC3627DA 
14: 00007FF6AC362726 
15: 00007FF6AC291E6F 
16: 00007FF6AC265614 
17: 00007FF6AC25C242 
18: 00007FF6AC25CD85 
19: 00007FF6ABABA664 
20: 00007FF6ABA73F72 
21: 00007FF6ABD44835 
22: 00007FF6AAF4E739 
23: 00007FF6AB0C9943 
24: 00007FF6AC85138E 
25: 00007FFC64B77374 
26: 00007FFC66B9CC91 
npm error Lifecycle script `build` failed with error:
npm error code 2147483651
npm error path C:\Users\devdy\OneDrive\Desktop\express-start-microservices\auth
npm error workspace auth@1.0.0
npm error location C:\Users\devdy\OneDrive\Desktop\express-start-microservices\auth
npm error command failed
npm error command C:\Windows\system32\cmd.exe /d /s /c tsc -b
